2013/01/02 16:38:06 [error] [php] file_put_contents(/var/www/yii/photoalbum/protected/runtime/gii-1.1.13/ControllerCode.php): failed to open stream: Permission denied (/var/www/yii/YiiRoot/framework/gii/CCodeModel.php:386)
Stack trace:
#0 /var/www/yii/YiiRoot/framework/gii/CCodeGenerator.php(63): ControllerGenerator->prepare()
#1 /var/www/yii/YiiRoot/framework/web/actions/CInlineAction.php(49): ControllerGenerator->actionIndex()
#2 /var/www/yii/YiiRoot/framework/web/CController.php(308): CInlineAction->runWithParams()
#3 /var/www/yii/YiiRoot/framework/web/CController.php(286): ControllerGenerator->runAction()
#4 /var/www/yii/YiiRoot/framework/web/CController.php(265): ControllerGenerator->runActionWithFilters()
#5 /var/www/yii/YiiRoot/framework/web/CWebApplication.php(282): ControllerGenerator->run()
#6 /var/www/yii/YiiRoot/framework/web/CWebApplication.php(141): CWebApplication->runController()
#7 /var/www/yii/YiiRoot/framework/base/CApplication.php(169): CWebApplication->processRequest()
#8 /var/www/yii/photoalbum/index.php(13): CWebApplication->run()
REQUEST_URI=/yii/photoalbum/index.php?r=gii/controller
in /var/www/yii/photoalbum/index.php (13)
2013/01/02 16:38:25 [error] [php] file_put_contents(/var/www/yii/photoalbum/protected/runtime/gii-1.1.13/ControllerCode.php): failed to open stream: Permission denied (/var/www/yii/YiiRoot/framework/gii/CCodeModel.php:386)
Stack trace:
#0 /var/www/yii/YiiRoot/framework/gii/CCodeGenerator.php(63): ControllerGenerator->prepare()
#1 /var/www/yii/YiiRoot/framework/web/actions/CInlineAction.php(49): ControllerGenerator->actionIndex()
#2 /var/www/yii/YiiRoot/framework/web/CController.php(308): CInlineAction->runWithParams()
#3 /var/www/yii/YiiRoot/framework/web/CController.php(286): ControllerGenerator->runAction()
#4 /var/www/yii/YiiRoot/framework/web/CController.php(265): ControllerGenerator->runActionWithFilters()
#5 /var/www/yii/YiiRoot/framework/web/CWebApplication.php(282): ControllerGenerator->run()
#6 /var/www/yii/YiiRoot/framework/web/CWebApplication.php(141): CWebApplication->runController()
#7 /var/www/yii/YiiRoot/framework/base/CApplication.php(169): CWebApplication->processRequest()
#8 /var/www/yii/photoalbum/index.php(13): CWebApplication->run()
REQUEST_URI=/yii/photoalbum/index.php?r=gii/controller
in /var/www/yii/photoalbum/index.php (13)
2013/01/02 16:38:29 [error] [php] file_put_contents(/var/www/yii/photoalbum/protected/runtime/gii-1.1.13/ControllerCode.php): failed to open stream: Permission denied (/var/www/yii/YiiRoot/framework/gii/CCodeModel.php:386)
Stack trace:
#0 /var/www/yii/YiiRoot/framework/gii/CCodeGenerator.php(63): ControllerGenerator->prepare()
#1 /var/www/yii/YiiRoot/framework/web/actions/CInlineAction.php(49): ControllerGenerator->actionIndex()
#2 /var/www/yii/YiiRoot/framework/web/CController.php(308): CInlineAction->runWithParams()
#3 /var/www/yii/YiiRoot/framework/web/CController.php(286): ControllerGenerator->runAction()
#4 /var/www/yii/YiiRoot/framework/web/CController.php(265): ControllerGenerator->runActionWithFilters()
#5 /var/www/yii/YiiRoot/framework/web/CWebApplication.php(282): ControllerGenerator->run()
#6 /var/www/yii/YiiRoot/framework/web/CWebApplication.php(141): CWebApplication->runController()
#7 /var/www/yii/YiiRoot/framework/base/CApplication.php(169): CWebApplication->processRequest()
#8 /var/www/yii/photoalbum/index.php(13): CWebApplication->run()
REQUEST_URI=/yii/photoalbum/index.php?r=gii/controller
in /var/www/yii/photoalbum/index.php (13)
2013/01/02 17:09:51 [error] [exception.CHttpException.403] exception 'CHttpException' with message 'You are not authorized to perform this action.' in /var/www/yii/YiiRoot/framework/web/auth/CAccessControlFilter.php:179
Stack trace:
#0 /var/www/yii/YiiRoot/framework/web/auth/CAccessControlFilter.php(142): CAccessControlFilter->accessDenied(Object(CWebUser), 'You are not aut...')
#1 /var/www/yii/YiiRoot/framework/web/filters/CFilter.php(38): CAccessControlFilter->preFilter(Object(CFilterChain))
#2 /var/www/yii/YiiRoot/framework/web/CController.php(1145): CFilter->filter(Object(CFilterChain))
#3 /var/www/yii/YiiRoot/framework/web/filters/CInlineFilter.php(58): CController->filterAccessControl(Object(CFilterChain))
#4 /var/www/yii/YiiRoot/framework/web/filters/CFilterChain.php(130): CInlineFilter->filter(Object(CFilterChain))
#5 /var/www/yii/YiiRoot/framework/web/CController.php(291): CFilterChain->run()
#6 /var/www/yii/YiiRoot/framework/web/CController.php(265): CController->runActionWithFilters(Object(CInlineAction), Array)
#7 /var/www/yii/YiiRoot/framework/web/CWebApplication.php(282): CController->run('admin')
#8 /var/www/yii/YiiRoot/framework/web/CWebApplication.php(141): CWebApplication->runController('message/admin')
#9 /var/www/yii/YiiRoot/framework/base/CApplication.php(169): CWebApplication->processRequest()
#10 /var/www/yii/photoalbum/index.php(13): CApplication->run()
#11 {main}
REQUEST_URI=/yii/photoalbum/index.php?r=message/admin
HTTP_REFERER=http://localhost/yii/photoalbum/index.php?r=message/view&id=1
---
2013/01/02 17:43:24 [error] [php] Object of class Message could not be converted to string (/var/www/yii/photoalbum/protected/views/greeting/index.php:8)
Stack trace:
#0 /var/www/yii/YiiRoot/framework/web/CController.php(869): GreetingController->renderFile()
#1 /var/www/yii/YiiRoot/framework/web/CController.php(782): GreetingController->renderPartial()
#2 /var/www/yii/photoalbum/protected/controllers/GreetingController.php(10): GreetingController->render()
#3 /var/www/yii/YiiRoot/framework/web/actions/CInlineAction.php(49): GreetingController->actionIndex()
#4 /var/www/yii/YiiRoot/framework/web/CController.php(308): CInlineAction->runWithParams()
#5 /var/www/yii/YiiRoot/framework/web/CController.php(286): GreetingController->runAction()
#6 /var/www/yii/YiiRoot/framework/web/CController.php(265): GreetingController->runActionWithFilters()
#7 /var/www/yii/YiiRoot/framework/web/CWebApplication.php(282): GreetingController->run()
#8 /var/www/yii/YiiRoot/framework/web/CWebApplication.php(141): CWebApplication->runController()
#9 /var/www/yii/YiiRoot/framework/base/CApplication.php(169): CWebApplication->processRequest()
#10 /var/www/yii/photoalbum/index.php(13): CWebApplication->run()
REQUEST_URI=/yii/photoalbum/index.php?r=greeting/index
in /var/www/yii/photoalbum/protected/views/greeting/index.php (8)
in /var/www/yii/photoalbum/protected/controllers/GreetingController.php (10)
in /var/www/yii/photoalbum/index.php (13)
2013/01/02 17:43:30 [error] [php] Object of class Message could not be converted to string (/var/www/yii/photoalbum/protected/views/greeting/index.php:8)
Stack trace:
#0 /var/www/yii/YiiRoot/framework/web/CController.php(869): GreetingController->renderFile()
#1 /var/www/yii/YiiRoot/framework/web/CController.php(782): GreetingController->renderPartial()
#2 /var/www/yii/photoalbum/protected/controllers/GreetingController.php(10): GreetingController->render()
#3 /var/www/yii/YiiRoot/framework/web/actions/CInlineAction.php(49): GreetingController->actionIndex()
#4 /var/www/yii/YiiRoot/framework/web/CController.php(308): CInlineAction->runWithParams()
#5 /var/www/yii/YiiRoot/framework/web/CController.php(286): GreetingController->runAction()
#6 /var/www/yii/YiiRoot/framework/web/CController.php(265): GreetingController->runActionWithFilters()
#7 /var/www/yii/YiiRoot/framework/web/CWebApplication.php(282): GreetingController->run()
#8 /var/www/yii/YiiRoot/framework/web/CWebApplication.php(141): CWebApplication->runController()
#9 /var/www/yii/YiiRoot/framework/base/CApplication.php(169): CWebApplication->processRequest()
#10 /var/www/yii/photoalbum/index.php(13): CWebApplication->run()
REQUEST_URI=/yii/photoalbum/index.php?r=greeting
in /var/www/yii/photoalbum/protected/views/greeting/index.php (8)
in /var/www/yii/photoalbum/protected/controllers/GreetingController.php (10)
in /var/www/yii/photoalbum/index.php (13)
2013/01/04 14:20:53 [error] [exception.CHttpException.404] exception 'CHttpException' with message 'Unable to resolve the request "tag".' in /var/www/yii/YiiRoot/framework/web/CWebApplication.php:286
Stack trace:
#0 /var/www/yii/YiiRoot/framework/web/CWebApplication.php(141): CWebApplication->runController('tag')
#1 /var/www/yii/YiiRoot/framework/base/CApplication.php(169): CWebApplication->processRequest()
#2 /var/www/yii/photoalbum/index.php(13): CApplication->run()
#3 {main}
REQUEST_URI=/yii/photoalbum/index.php?r=tag
---
